<?xml version="1.0" encoding="UTF-8"?>
<!-- Generated by org.testng.reporters.JUnitReportReporter -->
<testsuite hostname="KOLKAR" failures="0" tests="1" name="tESTNGproduct.ProductModule" time="26.245" errors="0" timestamp="2023-02-15T20:00:20 IST" skipped="0">
  <testcase classname="tESTNGproduct.ProductModule" name="pmoduleB2" time="26.245"/>
  <system-out/>
</testsuite> <!-- tESTNGproduct.ProductModule -->
