<?xml version="1.0" encoding="UTF-8"?>
<!-- Generated by org.testng.reporters.JUnitReportReporter -->
<testsuite hostname="KOLKAR" failures="0" tests="1" name="parallel.ProductP3" time="41.187" errors="0" timestamp="2023-02-15T15:02:24 IST" skipped="0">
  <testcase classname="parallel.ProductP3" name="pmodule3" time="41.187"/>
  <system-out/>
</testsuite> <!-- parallel.ProductP3 -->
