<?xml version="1.0" encoding="UTF-8"?>
<!-- Generated by org.testng.reporters.JUnitReportReporter -->
<testsuite hostname="KOLKAR" failures="0" tests="1" name="usingPom.Product2Test" time="23.477" errors="0" timestamp="2023-02-21T14:32:08 IST" skipped="0">
  <testcase classname="usingPom.Product2Test" name="product" time="23.477"/>
  <system-out/>
</testsuite> <!-- usingPom.Product2Test -->
