<?xml version="1.0" encoding="UTF-8"?>
<!-- Generated by org.testng.reporters.JUnitReportReporter -->
<testsuite hostname="KOLKAR" failures="0" tests="1" name="uSingBASE.ProductFinalModule" time="21.860" errors="0" timestamp="2023-02-15T17:48:33 IST" skipped="0">
  <testcase classname="uSingBASE.ProductFinalModule" name="product" time="21.860"/>
  <system-out/>
</testsuite> <!-- uSingBASE.ProductFinalModule -->
