<?xml version="1.0" encoding="UTF-8"?>
<!-- Generated by org.testng.reporters.JUnitReportReporter -->
<testsuite hostname="KOLKAR" failures="0" tests="1" name="group.ProductMo3TEst" time="20.463" errors="0" timestamp="2023-02-21T15:07:14 IST" skipped="0">
  <testcase classname="group.ProductMo3TEst" name="product" time="20.463"/>
  <system-out/>
</testsuite> <!-- group.ProductMo3TEst -->
