<?xml version="1.0" encoding="UTF-8"?>
<!-- Generated by org.testng.reporters.JUnitReportReporter -->
<testsuite hostname="KOLKAR" failures="0" tests="1" name="pROIRTY.Annotationpriorty" time="0.016" errors="0" timestamp="2023-02-15T16:19:29 IST" skipped="0">
  <testcase classname="pROIRTY.Annotationpriorty" name="m1" time="0.016"/>
  <system-out/>
</testsuite> <!-- pROIRTY.Annotationpriorty -->
