<?xml version="1.0" encoding="UTF-8"?>
<!-- Generated by org.testng.reporters.JUnitReportReporter -->
<testsuite hostname="KOLKAR" failures="0" tests="1" name="tESTNGproduct.ProductModuleTEST2" time="21.935" errors="0" timestamp="2023-02-15T20:00:20 IST" skipped="0">
  <testcase classname="tESTNGproduct.ProductModuleTEST2" name="pmoduleB3" time="21.935"/>
  <system-out/>
</testsuite> <!-- tESTNGproduct.ProductModuleTEST2 -->
