<?xml version="1.0" encoding="UTF-8"?>
<!-- Generated by org.testng.reporters.JUnitReportReporter -->
<testsuite hostname="KOLKAR" failures="0" tests="1" name="usingPom.Product3Test" time="31.902" errors="0" timestamp="2023-02-21T14:32:08 IST" skipped="0">
  <testcase classname="usingPom.Product3Test" name="product" time="31.902"/>
  <system-out/>
</testsuite> <!-- usingPom.Product3Test -->
