<?xml version="1.0" encoding="UTF-8"?>
<!-- Generated by org.testng.reporters.JUnitReportReporter -->
<testsuite hostname="KOLKAR" failures="0" tests="1" name="parallelProc.ParallelPage2" time="23.602" errors="0" timestamp="2023-02-15T23:32:30 IST" skipped="0">
  <testcase classname="parallelProc.ParallelPage2" name="Productpage2" time="23.602"/>
  <system-out/>
</testsuite> <!-- parallelProc.ParallelPage2 -->
