<?xml version="1.0" encoding="UTF-8"?>
<!-- Generated by org.testng.reporters.JUnitReportReporter -->
<testsuite hostname="KOLKAR" failures="0" tests="1" name="parallel.ProductP2" time="41.855" errors="0" timestamp="2023-02-15T15:02:24 IST" skipped="0">
  <testcase classname="parallel.ProductP2" name="pmodule2" time="41.855"/>
  <system-out/>
</testsuite> <!-- parallel.ProductP2 -->
