<?xml version="1.0" encoding="UTF-8"?>
<!-- Generated by org.testng.reporters.JUnitReportReporter -->
<testsuite hostname="KOLKAR" failures="0" tests="1" name="ProductModule" time="18.626" errors="0" timestamp="2023-02-15T13:03:23 IST" skipped="0">
  <testcase classname="ProductModule" name="pmodule" time="18.626"/>
  <system-out/>
</testsuite> <!-- ProductModule -->
