<?xml version="1.0" encoding="UTF-8"?>
<!-- Generated by org.testng.reporters.JUnitReportReporter -->
<testsuite hostname="KOLKAR" failures="0" tests="1" name="group.ProductMO2Test" time="20.560" errors="0" timestamp="2023-02-21T15:04:17 IST" skipped="0">
  <testcase classname="group.ProductMO2Test" name="product" time="20.560"/>
  <system-out/>
</testsuite> <!-- group.ProductMO2Test -->
