<?xml version="1.0" encoding="UTF-8"?>
<!-- Generated by org.testng.reporters.JUnitReportReporter -->
<testsuite hostname="KOLKAR" failures="0" tests="1" name="tESTNGproduct.ProductModule_TEST1" time="22.100" errors="0" timestamp="2023-02-15T20:00:20 IST" skipped="0">
  <testcase classname="tESTNGproduct.ProductModule_TEST1" name="pmoduleB1" time="22.100"/>
  <system-out/>
</testsuite> <!-- tESTNGproduct.ProductModule_TEST1 -->
