<?xml version="1.0" encoding="UTF-8"?>
<!-- Generated by org.testng.reporters.JUnitReportReporter -->
<testsuite hostname="KOLKAR" failures="0" tests="1" name="group.ProductMo1Test" time="26.817" errors="0" timestamp="2023-02-21T14:55:29 IST" skipped="0">
  <testcase classname="group.ProductMo1Test" name="product" time="26.817"/>
  <system-out/>
</testsuite> <!-- group.ProductMo1Test -->
