<?xml version="1.0" encoding="UTF-8"?>
<!-- Generated by org.testng.reporters.JUnitReportReporter -->
<testsuite hostname="KOLKAR" failures="0" tests="1" name="BaseClass.ProductClass2" time="17.271" errors="0" timestamp="2023-02-21T16:55:18 IST" skipped="0">
  <testcase classname="BaseClass.ProductClass2" name="OnlyProductclass" time="17.271"/>
  <system-out/>
</testsuite> <!-- BaseClass.ProductClass2 -->
